ERROR 2025-12-29 22:32:45,783 log 6418 131952756086464 Internal Server Error: /accounts/login/
Traceback (most recent call last):
  File "/home/vidal/Projetos/bibpay/.venv/lib/python3.14/site-packages/django/core/handlers/exception.py", line 55, in inner
    response = get_response(request)
  File "/home/vidal/Projetos/bibpay/.venv/lib/python3.14/site-packages/django/core/handlers/base.py", line 197, in _get_response
    response = wrapped_callback(request, *callback_args, **callback_kwargs)
  File "/home/vidal/Projetos/bibpay/apps/accounts/views.py", line 16, in login_view
    return redirect('dashboard:index')
  File "/home/vidal/Projetos/bibpay/.venv/lib/python3.14/site-packages/django/shortcuts.py", line 51, in redirect
    resolve_url(to, *args, **kwargs),
    ~~~~~~~~~~~^^^^^^^^^^^^^^^^^^^^^
  File "/home/vidal/Projetos/bibpay/.venv/lib/python3.14/site-packages/django/shortcuts.py", line 184, in resolve_url
    return reverse(to, args=args, kwargs=kwargs)
  File "/home/vidal/Projetos/bibpay/.venv/lib/python3.14/site-packages/django/urls/base.py", line 98, in reverse
    resolved_url = resolver._reverse_with_prefix(view, prefix, *args, **kwargs)
  File "/home/vidal/Projetos/bibpay/.venv/lib/python3.14/site-packages/django/urls/resolvers.py", line 831, in _reverse_with_prefix
    raise NoReverseMatch(msg)
django.urls.exceptions.NoReverseMatch: Reverse for 'index' not found. 'index' is not a valid view function or pattern name.
ERROR 2025-12-29 22:32:45,789 basehttp 6418 131952756086464 "GET /accounts/login/ HTTP/1.1" 500 88632
ERROR 2025-12-29 22:39:03,031 log 7881 124853584090816 Internal Server Error: /accounts/login/
Traceback (most recent call last):
  File "/home/vidal/Projetos/bibpay/.venv/lib/python3.14/site-packages/django/core/handlers/exception.py", line 55, in inner
    response = get_response(request)
  File "/home/vidal/Projetos/bibpay/.venv/lib/python3.14/site-packages/django/core/handlers/base.py", line 197, in _get_response
    response = wrapped_callback(request, *callback_args, **callback_kwargs)
  File "/home/vidal/Projetos/bibpay/apps/accounts/views.py", line 16, in login_view
    return redirect('dashboard:index')
  File "/home/vidal/Projetos/bibpay/.venv/lib/python3.14/site-packages/django/shortcuts.py", line 51, in redirect
    resolve_url(to, *args, **kwargs),
    ~~~~~~~~~~~^^^^^^^^^^^^^^^^^^^^^
  File "/home/vidal/Projetos/bibpay/.venv/lib/python3.14/site-packages/django/shortcuts.py", line 184, in resolve_url
    return reverse(to, args=args, kwargs=kwargs)
  File "/home/vidal/Projetos/bibpay/.venv/lib/python3.14/site-packages/django/urls/base.py", line 98, in reverse
    resolved_url = resolver._reverse_with_prefix(view, prefix, *args, **kwargs)
  File "/home/vidal/Projetos/bibpay/.venv/lib/python3.14/site-packages/django/urls/resolvers.py", line 831, in _reverse_with_prefix
    raise NoReverseMatch(msg)
django.urls.exceptions.NoReverseMatch: Reverse for 'index' not found. 'index' is not a valid view function or pattern name.
ERROR 2025-12-29 22:39:03,034 basehttp 7881 124853584090816 "GET /accounts/login/ HTTP/1.1" 500 88769
ERROR 2025-12-29 22:39:09,704 log 7881 124853584090816 Internal Server Error: /accounts/login/
Traceback (most recent call last):
  File "/home/vidal/Projetos/bibpay/.venv/lib/python3.14/site-packages/django/core/handlers/exception.py", line 55, in inner
    response = get_response(request)
  File "/home/vidal/Projetos/bibpay/.venv/lib/python3.14/site-packages/django/core/handlers/base.py", line 197, in _get_response
    response = wrapped_callback(request, *callback_args, **callback_kwargs)
  File "/home/vidal/Projetos/bibpay/apps/accounts/views.py", line 16, in login_view
    return redirect('dashboard:index')
  File "/home/vidal/Projetos/bibpay/.venv/lib/python3.14/site-packages/django/shortcuts.py", line 51, in redirect
    resolve_url(to, *args, **kwargs),
    ~~~~~~~~~~~^^^^^^^^^^^^^^^^^^^^^
  File "/home/vidal/Projetos/bibpay/.venv/lib/python3.14/site-packages/django/shortcuts.py", line 184, in resolve_url
    return reverse(to, args=args, kwargs=kwargs)
  File "/home/vidal/Projetos/bibpay/.venv/lib/python3.14/site-packages/django/urls/base.py", line 98, in reverse
    resolved_url = resolver._reverse_with_prefix(view, prefix, *args, **kwargs)
  File "/home/vidal/Projetos/bibpay/.venv/lib/python3.14/site-packages/django/urls/resolvers.py", line 831, in _reverse_with_prefix
    raise NoReverseMatch(msg)
django.urls.exceptions.NoReverseMatch: Reverse for 'index' not found. 'index' is not a valid view function or pattern name.
ERROR 2025-12-29 22:39:09,706 basehttp 7881 124853584090816 "GET /accounts/login/ HTTP/1.1" 500 88632
ERROR 2025-12-29 22:40:58,393 log 7881 124853357115072 Internal Server Error: /accounts/login/
Traceback (most recent call last):
  File "/home/vidal/Projetos/bibpay/.venv/lib/python3.14/site-packages/django/core/handlers/exception.py", line 55, in inner
    response = get_response(request)
  File "/home/vidal/Projetos/bibpay/.venv/lib/python3.14/site-packages/django/core/handlers/base.py", line 197, in _get_response
    response = wrapped_callback(request, *callback_args, **callback_kwargs)
  File "/home/vidal/Projetos/bibpay/apps/accounts/views.py", line 16, in login_view
    return redirect('dashboard:index')
  File "/home/vidal/Projetos/bibpay/.venv/lib/python3.14/site-packages/django/shortcuts.py", line 51, in redirect
    resolve_url(to, *args, **kwargs),
    ~~~~~~~~~~~^^^^^^^^^^^^^^^^^^^^^
  File "/home/vidal/Projetos/bibpay/.venv/lib/python3.14/site-packages/django/shortcuts.py", line 184, in resolve_url
    return reverse(to, args=args, kwargs=kwargs)
  File "/home/vidal/Projetos/bibpay/.venv/lib/python3.14/site-packages/django/urls/base.py", line 98, in reverse
    resolved_url = resolver._reverse_with_prefix(view, prefix, *args, **kwargs)
  File "/home/vidal/Projetos/bibpay/.venv/lib/python3.14/site-packages/django/urls/resolvers.py", line 831, in _reverse_with_prefix
    raise NoReverseMatch(msg)
django.urls.exceptions.NoReverseMatch: Reverse for 'index' not found. 'index' is not a valid view function or pattern name.
ERROR 2025-12-29 22:40:58,395 basehttp 7881 124853357115072 "GET /accounts/login/ HTTP/1.1" 500 88632
ERROR 2025-12-29 22:41:34,255 log 9180 123852866803392 Internal Server Error: /accounts/login/
Traceback (most recent call last):
  File "/home/vidal/Projetos/bibpay/.venv/lib/python3.14/site-packages/django/core/handlers/exception.py", line 55, in inner
    response = get_response(request)
  File "/home/vidal/Projetos/bibpay/.venv/lib/python3.14/site-packages/django/core/handlers/base.py", line 197, in _get_response
    response = wrapped_callback(request, *callback_args, **callback_kwargs)
  File "/home/vidal/Projetos/bibpay/apps/accounts/views.py", line 16, in login_view
    return redirect('dashboard:dashboard')
  File "/home/vidal/Projetos/bibpay/.venv/lib/python3.14/site-packages/django/shortcuts.py", line 51, in redirect
    resolve_url(to, *args, **kwargs),
    ~~~~~~~~~~~^^^^^^^^^^^^^^^^^^^^^
  File "/home/vidal/Projetos/bibpay/.venv/lib/python3.14/site-packages/django/shortcuts.py", line 184, in resolve_url
    return reverse(to, args=args, kwargs=kwargs)
  File "/home/vidal/Projetos/bibpay/.venv/lib/python3.14/site-packages/django/urls/base.py", line 98, in reverse
    resolved_url = resolver._reverse_with_prefix(view, prefix, *args, **kwargs)
  File "/home/vidal/Projetos/bibpay/.venv/lib/python3.14/site-packages/django/urls/resolvers.py", line 831, in _reverse_with_prefix
    raise NoReverseMatch(msg)
django.urls.exceptions.NoReverseMatch: Reverse for 'dashboard' not found. 'dashboard' is not a valid view function or pattern name.
ERROR 2025-12-29 22:41:34,260 basehttp 9180 123852866803392 "GET /accounts/login/ HTTP/1.1" 500 88849
ERROR 2025-12-30 00:13:59,360 log 13575 140476924548800 Internal Server Error: /sales/mobile/
Traceback (most recent call last):
  File "/home/vidal/Projetos/bibpay/.venv/lib/python3.14/site-packages/django/template/defaulttags.py", line 1035, in find_library
    return parser.libraries[name]
           ~~~~~~~~~~~~~~~~^^^^^^
KeyError: 'humanize'

During handling of the above exception, another exception occurred:

Traceback (most recent call last):
  File "/home/vidal/Projetos/bibpay/.venv/lib/python3.14/site-packages/django/core/handlers/exception.py", line 55, in inner
    response = get_response(request)
  File "/home/vidal/Projetos/bibpay/.venv/lib/python3.14/site-packages/django/core/handlers/base.py", line 220, in _get_response
    response = response.render()
  File "/home/vidal/Projetos/bibpay/.venv/lib/python3.14/site-packages/django/template/response.py", line 114, in render
    self.content = self.rendered_content
                   ^^^^^^^^^^^^^^^^^^^^^
  File "/home/vidal/Projetos/bibpay/.venv/lib/python3.14/site-packages/django/template/response.py", line 90, in rendered_content
    template = self.resolve_template(self.template_name)
  File "/home/vidal/Projetos/bibpay/.venv/lib/python3.14/site-packages/django/template/response.py", line 72, in resolve_template
    return select_template(template, using=self.using)
  File "/home/vidal/Projetos/bibpay/.venv/lib/python3.14/site-packages/django/template/loader.py", line 42, in select_template
    return engine.get_template(template_name)
           ~~~~~~~~~~~~~~~~~~~^^^^^^^^^^^^^^^
  File "/home/vidal/Projetos/bibpay/.venv/lib/python3.14/site-packages/django/template/backends/django.py", line 79, in get_template
    return Template(self.engine.get_template(template_name), self)
                    ~~~~~~~~~~~~~~~~~~~~~~~~^^^^^^^^^^^^^^^
  File "/home/vidal/Projetos/bibpay/.venv/lib/python3.14/site-packages/django/template/engine.py", line 177, in get_template
    template, origin = self.find_template(template_name)
                       ~~~~~~~~~~~~~~~~~~^^^^^^^^^^^^^^^
  File "/home/vidal/Projetos/bibpay/.venv/lib/python3.14/site-packages/django/template/engine.py", line 159, in find_template
    template = loader.get_template(name, skip=skip)
  File "/home/vidal/Projetos/bibpay/.venv/lib/python3.14/site-packages/django/template/loaders/cached.py", line 57, in get_template
    template = super().get_template(template_name, skip)
  File "/home/vidal/Projetos/bibpay/.venv/lib/python3.14/site-packages/django/template/loaders/base.py", line 28, in get_template
    return Template(
        contents,
    ...<2 lines>...
        self.engine,
    )
  File "/home/vidal/Projetos/bibpay/.venv/lib/python3.14/site-packages/django/template/base.py", line 154, in __init__
    self.nodelist = self.compile_nodelist()
                    ~~~~~~~~~~~~~~~~~~~~~^^
  File "/home/vidal/Projetos/bibpay/.venv/lib/python3.14/site-packages/django/template/base.py", line 196, in compile_nodelist
    nodelist = parser.parse()
  File "/home/vidal/Projetos/bibpay/.venv/lib/python3.14/site-packages/django/template/base.py", line 518, in parse
    raise self.error(token, e)
  File "/home/vidal/Projetos/bibpay/.venv/lib/python3.14/site-packages/django/template/base.py", line 516, in parse
    compiled_result = compile_func(self, token)
  File "/home/vidal/Projetos/bibpay/.venv/lib/python3.14/site-packages/django/template/loader_tags.py", line 299, in do_extends
    nodelist = parser.parse()
  File "/home/vidal/Projetos/bibpay/.venv/lib/python3.14/site-packages/django/template/base.py", line 518, in parse
    raise self.error(token, e)
  File "/home/vidal/Projetos/bibpay/.venv/lib/python3.14/site-packages/django/template/base.py", line 516, in parse
    compiled_result = compile_func(self, token)
  File "/home/vidal/Projetos/bibpay/.venv/lib/python3.14/site-packages/django/template/defaulttags.py", line 1097, in load
    lib = find_library(parser, name)
  File "/home/vidal/Projetos/bibpay/.venv/lib/python3.14/site-packages/django/template/defaulttags.py", line 1037, in find_library
    raise TemplateSyntaxError(
    ...<5 lines>...
    )
django.template.exceptions.TemplateSyntaxError: 'humanize' is not a registered tag library. Must be one of:
admin_list
admin_modify
admin_urls
cache
i18n
l10n
log
rest_framework
static
tz
ERROR 2025-12-30 00:13:59,364 basehttp 13575 140476924548800 "GET /sales/mobile/ HTTP/1.1" 500 196078
ERROR 2025-12-30 00:15:01,399 log 14850 128288725923520 Internal Server Error: /sales/mobile/
Traceback (most recent call last):
  File "/home/vidal/Projetos/bibpay/.venv/lib/python3.14/site-packages/django/core/handlers/exception.py", line 55, in inner
    response = get_response(request)
  File "/home/vidal/Projetos/bibpay/.venv/lib/python3.14/site-packages/django/core/handlers/base.py", line 220, in _get_response
    response = response.render()
  File "/home/vidal/Projetos/bibpay/.venv/lib/python3.14/site-packages/django/template/response.py", line 114, in render
    self.content = self.rendered_content
                   ^^^^^^^^^^^^^^^^^^^^^
  File "/home/vidal/Projetos/bibpay/.venv/lib/python3.14/site-packages/django/template/response.py", line 90, in rendered_content
    template = self.resolve_template(self.template_name)
  File "/home/vidal/Projetos/bibpay/.venv/lib/python3.14/site-packages/django/template/response.py", line 72, in resolve_template
    return select_template(template, using=self.using)
  File "/home/vidal/Projetos/bibpay/.venv/lib/python3.14/site-packages/django/template/loader.py", line 42, in select_template
    return engine.get_template(template_name)
           ~~~~~~~~~~~~~~~~~~~^^^^^^^^^^^^^^^
  File "/home/vidal/Projetos/bibpay/.venv/lib/python3.14/site-packages/django/template/backends/django.py", line 79, in get_template
    return Template(self.engine.get_template(template_name), self)
                    ~~~~~~~~~~~~~~~~~~~~~~~~^^^^^^^^^^^^^^^
  File "/home/vidal/Projetos/bibpay/.venv/lib/python3.14/site-packages/django/template/engine.py", line 177, in get_template
    template, origin = self.find_template(template_name)
                       ~~~~~~~~~~~~~~~~~~^^^^^^^^^^^^^^^
  File "/home/vidal/Projetos/bibpay/.venv/lib/python3.14/site-packages/django/template/engine.py", line 159, in find_template
    template = loader.get_template(name, skip=skip)
  File "/home/vidal/Projetos/bibpay/.venv/lib/python3.14/site-packages/django/template/loaders/cached.py", line 57, in get_template
    template = super().get_template(template_name, skip)
  File "/home/vidal/Projetos/bibpay/.venv/lib/python3.14/site-packages/django/template/loaders/base.py", line 28, in get_template
    return Template(
        contents,
    ...<2 lines>...
        self.engine,
    )
  File "/home/vidal/Projetos/bibpay/.venv/lib/python3.14/site-packages/django/template/base.py", line 154, in __init__
    self.nodelist = self.compile_nodelist()
                    ~~~~~~~~~~~~~~~~~~~~~^^
  File "/home/vidal/Projetos/bibpay/.venv/lib/python3.14/site-packages/django/template/base.py", line 196, in compile_nodelist
    nodelist = parser.parse()
  File "/home/vidal/Projetos/bibpay/.venv/lib/python3.14/site-packages/django/template/base.py", line 518, in parse
    raise self.error(token, e)
  File "/home/vidal/Projetos/bibpay/.venv/lib/python3.14/site-packages/django/template/base.py", line 516, in parse
    compiled_result = compile_func(self, token)
  File "/home/vidal/Projetos/bibpay/.venv/lib/python3.14/site-packages/django/template/loader_tags.py", line 299, in do_extends
    nodelist = parser.parse()
  File "/home/vidal/Projetos/bibpay/.venv/lib/python3.14/site-packages/django/template/base.py", line 518, in parse
    raise self.error(token, e)
  File "/home/vidal/Projetos/bibpay/.venv/lib/python3.14/site-packages/django/template/base.py", line 516, in parse
    compiled_result = compile_func(self, token)
  File "/home/vidal/Projetos/bibpay/.venv/lib/python3.14/site-packages/django/template/loader_tags.py", line 234, in do_block
    nodelist = parser.parse(("endblock",))
  File "/home/vidal/Projetos/bibpay/.venv/lib/python3.14/site-packages/django/template/base.py", line 489, in parse
    raise self.error(token, e)
  File "/home/vidal/Projetos/bibpay/.venv/lib/python3.14/site-packages/django/template/base.py", line 487, in parse
    filter_expression = self.compile_filter(token.contents)
  File "/home/vidal/Projetos/bibpay/.venv/lib/python3.14/site-packages/django/template/base.py", line 609, in compile_filter
    return FilterExpression(token, self)
  File "/home/vidal/Projetos/bibpay/.venv/lib/python3.14/site-packages/django/template/base.py", line 705, in __init__
    filter_func = parser.find_filter(filter_name)
  File "/home/vidal/Projetos/bibpay/.venv/lib/python3.14/site-packages/django/template/base.py", line 615, in find_filter
    raise TemplateSyntaxError("Invalid filter: '%s'" % filter_name)
django.template.exceptions.TemplateSyntaxError: Invalid filter: 'floatform'
ERROR 2025-12-30 00:15:01,402 basehttp 14850 128288725923520 "GET /sales/mobile/ HTTP/1.1" 500 215731
ERROR 2025-12-30 00:16:53,949 log 14850 128288725923520 Internal Server Error: /sales/mobile/
Traceback (most recent call last):
  File "/home/vidal/Projetos/bibpay/.venv/lib/python3.14/site-packages/django/core/handlers/exception.py", line 55, in inner
    response = get_response(request)
  File "/home/vidal/Projetos/bibpay/.venv/lib/python3.14/site-packages/django/core/handlers/base.py", line 220, in _get_response
    response = response.render()
  File "/home/vidal/Projetos/bibpay/.venv/lib/python3.14/site-packages/django/template/response.py", line 114, in render
    self.content = self.rendered_content
                   ^^^^^^^^^^^^^^^^^^^^^
  File "/home/vidal/Projetos/bibpay/.venv/lib/python3.14/site-packages/django/template/response.py", line 90, in rendered_content
    template = self.resolve_template(self.template_name)
  File "/home/vidal/Projetos/bibpay/.venv/lib/python3.14/site-packages/django/template/response.py", line 72, in resolve_template
    return select_template(template, using=self.using)
  File "/home/vidal/Projetos/bibpay/.venv/lib/python3.14/site-packages/django/template/loader.py", line 42, in select_template
    return engine.get_template(template_name)
           ~~~~~~~~~~~~~~~~~~~^^^^^^^^^^^^^^^
  File "/home/vidal/Projetos/bibpay/.venv/lib/python3.14/site-packages/django/template/backends/django.py", line 79, in get_template
    return Template(self.engine.get_template(template_name), self)
                    ~~~~~~~~~~~~~~~~~~~~~~~~^^^^^^^^^^^^^^^
  File "/home/vidal/Projetos/bibpay/.venv/lib/python3.14/site-packages/django/template/engine.py", line 177, in get_template
    template, origin = self.find_template(template_name)
                       ~~~~~~~~~~~~~~~~~~^^^^^^^^^^^^^^^
  File "/home/vidal/Projetos/bibpay/.venv/lib/python3.14/site-packages/django/template/engine.py", line 159, in find_template
    template = loader.get_template(name, skip=skip)
  File "/home/vidal/Projetos/bibpay/.venv/lib/python3.14/site-packages/django/template/loaders/cached.py", line 57, in get_template
    template = super().get_template(template_name, skip)
  File "/home/vidal/Projetos/bibpay/.venv/lib/python3.14/site-packages/django/template/loaders/base.py", line 28, in get_template
    return Template(
        contents,
    ...<2 lines>...
        self.engine,
    )
  File "/home/vidal/Projetos/bibpay/.venv/lib/python3.14/site-packages/django/template/base.py", line 154, in __init__
    self.nodelist = self.compile_nodelist()
                    ~~~~~~~~~~~~~~~~~~~~~^^
  File "/home/vidal/Projetos/bibpay/.venv/lib/python3.14/site-packages/django/template/base.py", line 196, in compile_nodelist
    nodelist = parser.parse()
  File "/home/vidal/Projetos/bibpay/.venv/lib/python3.14/site-packages/django/template/base.py", line 518, in parse
    raise self.error(token, e)
  File "/home/vidal/Projetos/bibpay/.venv/lib/python3.14/site-packages/django/template/base.py", line 516, in parse
    compiled_result = compile_func(self, token)
  File "/home/vidal/Projetos/bibpay/.venv/lib/python3.14/site-packages/django/template/loader_tags.py", line 299, in do_extends
    nodelist = parser.parse()
  File "/home/vidal/Projetos/bibpay/.venv/lib/python3.14/site-packages/django/template/base.py", line 518, in parse
    raise self.error(token, e)
  File "/home/vidal/Projetos/bibpay/.venv/lib/python3.14/site-packages/django/template/base.py", line 516, in parse
    compiled_result = compile_func(self, token)
  File "/home/vidal/Projetos/bibpay/.venv/lib/python3.14/site-packages/django/template/loader_tags.py", line 234, in do_block
    nodelist = parser.parse(("endblock",))
  File "/home/vidal/Projetos/bibpay/.venv/lib/python3.14/site-packages/django/template/base.py", line 489, in parse
    raise self.error(token, e)
  File "/home/vidal/Projetos/bibpay/.venv/lib/python3.14/site-packages/django/template/base.py", line 487, in parse
    filter_expression = self.compile_filter(token.contents)
  File "/home/vidal/Projetos/bibpay/.venv/lib/python3.14/site-packages/django/template/base.py", line 609, in compile_filter
    return FilterExpression(token, self)
  File "/home/vidal/Projetos/bibpay/.venv/lib/python3.14/site-packages/django/template/base.py", line 705, in __init__
    filter_func = parser.find_filter(filter_name)
  File "/home/vidal/Projetos/bibpay/.venv/lib/python3.14/site-packages/django/template/base.py", line 615, in find_filter
    raise TemplateSyntaxError("Invalid filter: '%s'" % filter_name)
django.template.exceptions.TemplateSyntaxError: Invalid filter: 'floatform'
ERROR 2025-12-30 00:16:53,952 basehttp 14850 128288725923520 "GET /sales/mobile/ HTTP/1.1" 500 215739
ERROR 2025-12-30 00:16:55,007 log 14850 128288725923520 Internal Server Error: /sales/mobile/
Traceback (most recent call last):
  File "/home/vidal/Projetos/bibpay/.venv/lib/python3.14/site-packages/django/core/handlers/exception.py", line 55, in inner
    response = get_response(request)
  File "/home/vidal/Projetos/bibpay/.venv/lib/python3.14/site-packages/django/core/handlers/base.py", line 220, in _get_response
    response = response.render()
  File "/home/vidal/Projetos/bibpay/.venv/lib/python3.14/site-packages/django/template/response.py", line 114, in render
    self.content = self.rendered_content
                   ^^^^^^^^^^^^^^^^^^^^^
  File "/home/vidal/Projetos/bibpay/.venv/lib/python3.14/site-packages/django/template/response.py", line 90, in rendered_content
    template = self.resolve_template(self.template_name)
  File "/home/vidal/Projetos/bibpay/.venv/lib/python3.14/site-packages/django/template/response.py", line 72, in resolve_template
    return select_template(template, using=self.using)
  File "/home/vidal/Projetos/bibpay/.venv/lib/python3.14/site-packages/django/template/loader.py", line 42, in select_template
    return engine.get_template(template_name)
           ~~~~~~~~~~~~~~~~~~~^^^^^^^^^^^^^^^
  File "/home/vidal/Projetos/bibpay/.venv/lib/python3.14/site-packages/django/template/backends/django.py", line 79, in get_template
    return Template(self.engine.get_template(template_name), self)
                    ~~~~~~~~~~~~~~~~~~~~~~~~^^^^^^^^^^^^^^^
  File "/home/vidal/Projetos/bibpay/.venv/lib/python3.14/site-packages/django/template/engine.py", line 177, in get_template
    template, origin = self.find_template(template_name)
                       ~~~~~~~~~~~~~~~~~~^^^^^^^^^^^^^^^
  File "/home/vidal/Projetos/bibpay/.venv/lib/python3.14/site-packages/django/template/engine.py", line 159, in find_template
    template = loader.get_template(name, skip=skip)
  File "/home/vidal/Projetos/bibpay/.venv/lib/python3.14/site-packages/django/template/loaders/cached.py", line 57, in get_template
    template = super().get_template(template_name, skip)
  File "/home/vidal/Projetos/bibpay/.venv/lib/python3.14/site-packages/django/template/loaders/base.py", line 28, in get_template
    return Template(
        contents,
    ...<2 lines>...
        self.engine,
    )
  File "/home/vidal/Projetos/bibpay/.venv/lib/python3.14/site-packages/django/template/base.py", line 154, in __init__
    self.nodelist = self.compile_nodelist()
                    ~~~~~~~~~~~~~~~~~~~~~^^
  File "/home/vidal/Projetos/bibpay/.venv/lib/python3.14/site-packages/django/template/base.py", line 196, in compile_nodelist
    nodelist = parser.parse()
  File "/home/vidal/Projetos/bibpay/.venv/lib/python3.14/site-packages/django/template/base.py", line 518, in parse
    raise self.error(token, e)
  File "/home/vidal/Projetos/bibpay/.venv/lib/python3.14/site-packages/django/template/base.py", line 516, in parse
    compiled_result = compile_func(self, token)
  File "/home/vidal/Projetos/bibpay/.venv/lib/python3.14/site-packages/django/template/loader_tags.py", line 299, in do_extends
    nodelist = parser.parse()
  File "/home/vidal/Projetos/bibpay/.venv/lib/python3.14/site-packages/django/template/base.py", line 518, in parse
    raise self.error(token, e)
  File "/home/vidal/Projetos/bibpay/.venv/lib/python3.14/site-packages/django/template/base.py", line 516, in parse
    compiled_result = compile_func(self, token)
  File "/home/vidal/Projetos/bibpay/.venv/lib/python3.14/site-packages/django/template/loader_tags.py", line 234, in do_block
    nodelist = parser.parse(("endblock",))
  File "/home/vidal/Projetos/bibpay/.venv/lib/python3.14/site-packages/django/template/base.py", line 489, in parse
    raise self.error(token, e)
  File "/home/vidal/Projetos/bibpay/.venv/lib/python3.14/site-packages/django/template/base.py", line 487, in parse
    filter_expression = self.compile_filter(token.contents)
  File "/home/vidal/Projetos/bibpay/.venv/lib/python3.14/site-packages/django/template/base.py", line 609, in compile_filter
    return FilterExpression(token, self)
  File "/home/vidal/Projetos/bibpay/.venv/lib/python3.14/site-packages/django/template/base.py", line 705, in __init__
    filter_func = parser.find_filter(filter_name)
  File "/home/vidal/Projetos/bibpay/.venv/lib/python3.14/site-packages/django/template/base.py", line 615, in find_filter
    raise TemplateSyntaxError("Invalid filter: '%s'" % filter_name)
django.template.exceptions.TemplateSyntaxError: Invalid filter: 'floatform'
ERROR 2025-12-30 00:16:55,009 basehttp 14850 128288725923520 "GET /sales/mobile/ HTTP/1.1" 500 215739
ERROR 2025-12-30 00:17:04,598 log 14850 128288725923520 Internal Server Error: /sales/mobile/
Traceback (most recent call last):
  File "/home/vidal/Projetos/bibpay/.venv/lib/python3.14/site-packages/django/core/handlers/exception.py", line 55, in inner
    response = get_response(request)
  File "/home/vidal/Projetos/bibpay/.venv/lib/python3.14/site-packages/django/core/handlers/base.py", line 220, in _get_response
    response = response.render()
  File "/home/vidal/Projetos/bibpay/.venv/lib/python3.14/site-packages/django/template/response.py", line 114, in render
    self.content = self.rendered_content
                   ^^^^^^^^^^^^^^^^^^^^^
  File "/home/vidal/Projetos/bibpay/.venv/lib/python3.14/site-packages/django/template/response.py", line 90, in rendered_content
    template = self.resolve_template(self.template_name)
  File "/home/vidal/Projetos/bibpay/.venv/lib/python3.14/site-packages/django/template/response.py", line 72, in resolve_template
    return select_template(template, using=self.using)
  File "/home/vidal/Projetos/bibpay/.venv/lib/python3.14/site-packages/django/template/loader.py", line 42, in select_template
    return engine.get_template(template_name)
           ~~~~~~~~~~~~~~~~~~~^^^^^^^^^^^^^^^
  File "/home/vidal/Projetos/bibpay/.venv/lib/python3.14/site-packages/django/template/backends/django.py", line 79, in get_template
    return Template(self.engine.get_template(template_name), self)
                    ~~~~~~~~~~~~~~~~~~~~~~~~^^^^^^^^^^^^^^^
  File "/home/vidal/Projetos/bibpay/.venv/lib/python3.14/site-packages/django/template/engine.py", line 177, in get_template
    template, origin = self.find_template(template_name)
                       ~~~~~~~~~~~~~~~~~~^^^^^^^^^^^^^^^
  File "/home/vidal/Projetos/bibpay/.venv/lib/python3.14/site-packages/django/template/engine.py", line 159, in find_template
    template = loader.get_template(name, skip=skip)
  File "/home/vidal/Projetos/bibpay/.venv/lib/python3.14/site-packages/django/template/loaders/cached.py", line 57, in get_template
    template = super().get_template(template_name, skip)
  File "/home/vidal/Projetos/bibpay/.venv/lib/python3.14/site-packages/django/template/loaders/base.py", line 28, in get_template
    return Template(
        contents,
    ...<2 lines>...
        self.engine,
    )
  File "/home/vidal/Projetos/bibpay/.venv/lib/python3.14/site-packages/django/template/base.py", line 154, in __init__
    self.nodelist = self.compile_nodelist()
                    ~~~~~~~~~~~~~~~~~~~~~^^
  File "/home/vidal/Projetos/bibpay/.venv/lib/python3.14/site-packages/django/template/base.py", line 196, in compile_nodelist
    nodelist = parser.parse()
  File "/home/vidal/Projetos/bibpay/.venv/lib/python3.14/site-packages/django/template/base.py", line 518, in parse
    raise self.error(token, e)
  File "/home/vidal/Projetos/bibpay/.venv/lib/python3.14/site-packages/django/template/base.py", line 516, in parse
    compiled_result = compile_func(self, token)
  File "/home/vidal/Projetos/bibpay/.venv/lib/python3.14/site-packages/django/template/loader_tags.py", line 299, in do_extends
    nodelist = parser.parse()
  File "/home/vidal/Projetos/bibpay/.venv/lib/python3.14/site-packages/django/template/base.py", line 518, in parse
    raise self.error(token, e)
  File "/home/vidal/Projetos/bibpay/.venv/lib/python3.14/site-packages/django/template/base.py", line 516, in parse
    compiled_result = compile_func(self, token)
  File "/home/vidal/Projetos/bibpay/.venv/lib/python3.14/site-packages/django/template/loader_tags.py", line 234, in do_block
    nodelist = parser.parse(("endblock",))
  File "/home/vidal/Projetos/bibpay/.venv/lib/python3.14/site-packages/django/template/base.py", line 518, in parse
    raise self.error(token, e)
  File "/home/vidal/Projetos/bibpay/.venv/lib/python3.14/site-packages/django/template/base.py", line 516, in parse
    compiled_result = compile_func(self, token)
  File "/home/vidal/Projetos/bibpay/.venv/lib/python3.14/site-packages/django/template/defaulttags.py", line 862, in do_for
    nodelist_loop = parser.parse(
        (
    ...<2 lines>...
        )
    )
  File "/home/vidal/Projetos/bibpay/.venv/lib/python3.14/site-packages/django/template/base.py", line 489, in parse
    raise self.error(token, e)
  File "/home/vidal/Projetos/bibpay/.venv/lib/python3.14/site-packages/django/template/base.py", line 487, in parse
    filter_expression = self.compile_filter(token.contents)
  File "/home/vidal/Projetos/bibpay/.venv/lib/python3.14/site-packages/django/template/base.py", line 609, in compile_filter
    return FilterExpression(token, self)
  File "/home/vidal/Projetos/bibpay/.venv/lib/python3.14/site-packages/django/template/base.py", line 705, in __init__
    filter_func = parser.find_filter(filter_name)
  File "/home/vidal/Projetos/bibpay/.venv/lib/python3.14/site-packages/django/template/base.py", line 615, in find_filter
    raise TemplateSyntaxError("Invalid filter: '%s'" % filter_name)
django.template.exceptions.TemplateSyntaxError: Invalid filter: 'floatform'
ERROR 2025-12-30 00:17:04,601 basehttp 14850 128288725923520 "GET /sales/mobile/ HTTP/1.1" 500 219829
ERROR 2025-12-30 00:17:54,328 log 14850 128288717530816 Internal Server Error: /sales/mobile/edit/1/
Traceback (most recent call last):
  File "/home/vidal/Projetos/bibpay/.venv/lib/python3.14/site-packages/django/db/backends/utils.py", line 105, in _execute
    return self.cursor.execute(sql, params)
           ~~~~~~~~~~~~~~~~~~~^^^^^^^^^^^^^
  File "/home/vidal/Projetos/bibpay/.venv/lib/python3.14/site-packages/django/db/backends/sqlite3/base.py", line 360, in execute
    return super().execute(query, params)
           ~~~~~~~~~~~~~~~^^^^^^^^^^^^^^^
sqlite3.IntegrityError: UNIQUE constraint failed: daily_sales.seller_id, daily_sales.date

The above exception was the direct cause of the following exception:

Traceback (most recent call last):
  File "/home/vidal/Projetos/bibpay/.venv/lib/python3.14/site-packages/django/core/handlers/exception.py", line 55, in inner
    response = get_response(request)
  File "/home/vidal/Projetos/bibpay/.venv/lib/python3.14/site-packages/django/core/handlers/base.py", line 197, in _get_response
    response = wrapped_callback(request, *callback_args, **callback_kwargs)
  File "/home/vidal/Projetos/bibpay/.venv/lib/python3.14/site-packages/django/views/generic/base.py", line 105, in view
    return self.dispatch(request, *args, **kwargs)
           ~~~~~~~~~~~~~^^^^^^^^^^^^^^^^^^^^^^^^^^
  File "/home/vidal/Projetos/bibpay/apps/sales/web/views.py", line 27, in dispatch
    return super().dispatch(request, *args, **kwargs)
           ~~~~~~~~~~~~~~~~^^^^^^^^^^^^^^^^^^^^^^^^^^
  File "/home/vidal/Projetos/bibpay/.venv/lib/python3.14/site-packages/django/contrib/auth/mixins.py", line 73, in dispatch
    return super().dispatch(request, *args, **kwargs)
           ~~~~~~~~~~~~~~~~^^^^^^^^^^^^^^^^^^^^^^^^^^
  File "/home/vidal/Projetos/bibpay/.venv/lib/python3.14/site-packages/django/views/generic/base.py", line 144, in dispatch
    return handler(request, *args, **kwargs)
  File "/home/vidal/Projetos/bibpay/.venv/lib/python3.14/site-packages/django/views/generic/edit.py", line 206, in post
    return super().post(request, *args, **kwargs)
           ~~~~~~~~~~~~^^^^^^^^^^^^^^^^^^^^^^^^^^
  File "/home/vidal/Projetos/bibpay/.venv/lib/python3.14/site-packages/django/views/generic/edit.py", line 151, in post
    return self.form_valid(form)
           ~~~~~~~~~~~~~~~^^^^^^
  File "/home/vidal/Projetos/bibpay/apps/sales/web/views.py", line 98, in form_valid
    return super().form_valid(form)
           ~~~~~~~~~~~~~~~~~~^^^^^^
  File "/home/vidal/Projetos/bibpay/.venv/lib/python3.14/site-packages/django/views/generic/edit.py", line 133, in form_valid
    self.object = form.save()
                  ~~~~~~~~~^^
  File "/home/vidal/Projetos/bibpay/.venv/lib/python3.14/site-packages/django/forms/models.py", line 554, in save
    self.instance.save()
    ~~~~~~~~~~~~~~~~~~^^
  File "/home/vidal/Projetos/bibpay/.venv/lib/python3.14/site-packages/django/db/models/base.py", line 902, in save
    self.save_base(
    ~~~~~~~~~~~~~~^
        using=using,
        ^^^^^^^^^^^^
    ...<2 lines>...
        update_fields=update_fields,
        ^^^^^^^^^^^^^^^^^^^^^^^^^^^^
    )
    ^
  File "/home/vidal/Projetos/bibpay/.venv/lib/python3.14/site-packages/django/db/models/base.py", line 1008, in save_base
    updated = self._save_table(
        raw,
    ...<4 lines>...
        update_fields,
    )
  File "/home/vidal/Projetos/bibpay/.venv/lib/python3.14/site-packages/django/db/models/base.py", line 1138, in _save_table
    updated = self._do_update(
        base_qs, using, pk_val, values, update_fields, forced_update
    )
  File "/home/vidal/Projetos/bibpay/.venv/lib/python3.14/site-packages/django/db/models/base.py", line 1203, in _do_update
    return filtered._update(values) > 0
           ~~~~~~~~~~~~~~~~^^^^^^^^
  File "/home/vidal/Projetos/bibpay/.venv/lib/python3.14/site-packages/django/db/models/query.py", line 1288, in _update
    return query.get_compiler(self.db).execute_sql(ROW_COUNT)
           ~~~~~~~~~~~~~~~~~~~~~~~~~~~~~~~~~~~~~~~^^^^^^^^^^^
  File "/home/vidal/Projetos/bibpay/.venv/lib/python3.14/site-packages/django/db/models/sql/compiler.py", line 2060, in execute_sql
    row_count = super().execute_sql(result_type)
  File "/home/vidal/Projetos/bibpay/.venv/lib/python3.14/site-packages/django/db/models/sql/compiler.py", line 1623, in execute_sql
    cursor.execute(sql, params)
    ~~~~~~~~~~~~~~^^^^^^^^^^^^^
  File "/home/vidal/Projetos/bibpay/.venv/lib/python3.14/site-packages/django/db/backends/utils.py", line 122, in execute
    return super().execute(sql, params)
           ~~~~~~~~~~~~~~~^^^^^^^^^^^^^
  File "/home/vidal/Projetos/bibpay/.venv/lib/python3.14/site-packages/django/db/backends/utils.py", line 79, in execute
    return self._execute_with_wrappers(
           ~~~~~~~~~~~~~~~~~~~~~~~~~~~^
        sql, params, many=False, executor=self._execute
        ^^^^^^^^^^^^^^^^^^^^^^^^^^^^^^^^^^^^^^^^^^^^^^^
    )
    ^
  File "/home/vidal/Projetos/bibpay/.venv/lib/python3.14/site-packages/django/db/backends/utils.py", line 92, in _execute_with_wrappers
    return executor(sql, params, many, context)
  File "/home/vidal/Projetos/bibpay/.venv/lib/python3.14/site-packages/django/db/backends/utils.py", line 100, in _execute
    with self.db.wrap_database_errors:
         ^^^^^^^^^^^^^^^^^^^^^^^^^^^^
  File "/home/vidal/Projetos/bibpay/.venv/lib/python3.14/site-packages/django/db/utils.py", line 91, in __exit__
    raise dj_exc_value.with_traceback(traceback) from exc_value
  File "/home/vidal/Projetos/bibpay/.venv/lib/python3.14/site-packages/django/db/backends/utils.py", line 105, in _execute
    return self.cursor.execute(sql, params)
           ~~~~~~~~~~~~~~~~~~~^^^^^^^^^^^^^
  File "/home/vidal/Projetos/bibpay/.venv/lib/python3.14/site-packages/django/db/backends/sqlite3/base.py", line 360, in execute
    return super().execute(query, params)
           ~~~~~~~~~~~~~~~^^^^^^^^^^^^^^^
django.db.utils.IntegrityError: UNIQUE constraint failed: daily_sales.seller_id, daily_sales.date
ERROR 2025-12-30 00:17:54,333 basehttp 14850 128288717530816 "POST /sales/mobile/edit/1/ HTTP/1.1" 500 194941
